[5.046s] Invoking command in '/home/projects/ros2_ws/src/aruco_marker': PYTHONPATH=/home/projects/ros2_ws/src/aruco_marker/install/aruco_marker/lib/python3.8/site-packages:${PYTHONPATH} /usr/bin/python3 setup.py egg_info --egg-base build/aruco_marker build --build-base /home/projects/ros2_ws/src/aruco_marker/build/aruco_marker/build install --prefix /home/projects/ros2_ws/src/aruco_marker/install/aruco_marker --record /home/projects/ros2_ws/src/aruco_marker/build/aruco_marker/install.log --single-version-externally-managed
[6.691s] running egg_info
[6.695s] writing build/aruco_marker/aruco_marker.egg-info/PKG-INFO
[6.698s] writing dependency_links to build/aruco_marker/aruco_marker.egg-info/dependency_links.txt
[6.699s] writing entry points to build/aruco_marker/aruco_marker.egg-info/entry_points.txt
[6.702s] writing requirements to build/aruco_marker/aruco_marker.egg-info/requires.txt
[6.703s] writing top-level names to build/aruco_marker/aruco_marker.egg-info/top_level.txt
[6.946s] reading manifest file 'build/aruco_marker/aruco_marker.egg-info/SOURCES.txt'
[6.953s] writing manifest file 'build/aruco_marker/aruco_marker.egg-info/SOURCES.txt'
[6.953s] running build
[6.954s] running build_py
[6.956s] running install
[6.961s] running install_lib
[6.972s] running install_data
[6.975s] running install_egg_info
[6.985s] removing '/home/projects/ros2_ws/src/aruco_marker/install/aruco_marker/lib/python3.8/site-packages/aruco_marker-0.0.0-py3.8.egg-info' (and everything under it)
[6.987s] Copying build/aruco_marker/aruco_marker.egg-info to /home/projects/ros2_ws/src/aruco_marker/install/aruco_marker/lib/python3.8/site-packages/aruco_marker-0.0.0-py3.8.egg-info
[6.994s] running install_scripts
[7.097s] Installing oakd_aruco_node script to /home/projects/ros2_ws/src/aruco_marker/install/aruco_marker/lib/aruco_marker
[7.099s] Installing vesc_twist_node script to /home/projects/ros2_ws/src/aruco_marker/install/aruco_marker/lib/aruco_marker
[7.101s] writing list of installed files to '/home/projects/ros2_ws/src/aruco_marker/build/aruco_marker/install.log'
[7.222s] Invoked command in '/home/projects/ros2_ws/src/aruco_marker' returned '0': PYTHONPATH=/home/projects/ros2_ws/src/aruco_marker/install/aruco_marker/lib/python3.8/site-packages:${PYTHONPATH} /usr/bin/python3 setup.py egg_info --egg-base build/aruco_marker build --build-base /home/projects/ros2_ws/src/aruco_marker/build/aruco_marker/build install --prefix /home/projects/ros2_ws/src/aruco_marker/install/aruco_marker --record /home/projects/ros2_ws/src/aruco_marker/build/aruco_marker/install.log --single-version-externally-managed
