[4.839s] Invoking command in '/home/projects/ros2_ws/src/aruco_marker': PYTHONPATH=/home/projects/ros2_ws/src/aruco_marker/install/aruco_marker/lib/python3.8/site-packages:${PYTHONPATH} /usr/bin/python3 setup.py egg_info --egg-base build/aruco_marker build --build-base /home/projects/ros2_ws/src/aruco_marker/build/aruco_marker/build install --prefix /home/projects/ros2_ws/src/aruco_marker/install/aruco_marker --record /home/projects/ros2_ws/src/aruco_marker/build/aruco_marker/install.log --single-version-externally-managed
[6.511s] running egg_info
[6.514s] writing build/aruco_marker/aruco_marker.egg-info/PKG-INFO
[6.518s] writing dependency_links to build/aruco_marker/aruco_marker.egg-info/dependency_links.txt
[6.519s] writing entry points to build/aruco_marker/aruco_marker.egg-info/entry_points.txt
[6.520s] writing requirements to build/aruco_marker/aruco_marker.egg-info/requires.txt
[6.520s] writing top-level names to build/aruco_marker/aruco_marker.egg-info/top_level.txt
[6.760s] reading manifest file 'build/aruco_marker/aruco_marker.egg-info/SOURCES.txt'
[6.768s] writing manifest file 'build/aruco_marker/aruco_marker.egg-info/SOURCES.txt'
[6.768s] running build
[6.769s] running build_py
[6.770s] copying aruco_marker/oakd_aruco_node.py -> /home/projects/ros2_ws/src/aruco_marker/build/aruco_marker/build/lib/aruco_marker
[6.770s] running install
[6.775s] running install_lib
[6.781s] copying /home/projects/ros2_ws/src/aruco_marker/build/aruco_marker/build/lib/aruco_marker/oakd_aruco_node.py -> /home/projects/ros2_ws/src/aruco_marker/install/aruco_marker/lib/python3.8/site-packages/aruco_marker
[6.786s] byte-compiling /home/projects/ros2_ws/src/aruco_marker/install/aruco_marker/lib/python3.8/site-packages/aruco_marker/oakd_aruco_node.py to oakd_aruco_node.cpython-38.pyc
[6.797s] running install_data
[6.801s] running install_egg_info
[6.810s] removing '/home/projects/ros2_ws/src/aruco_marker/install/aruco_marker/lib/python3.8/site-packages/aruco_marker-0.0.0-py3.8.egg-info' (and everything under it)
[6.812s] Copying build/aruco_marker/aruco_marker.egg-info to /home/projects/ros2_ws/src/aruco_marker/install/aruco_marker/lib/python3.8/site-packages/aruco_marker-0.0.0-py3.8.egg-info
[6.817s] running install_scripts
[6.923s] Installing oakd_aruco_node script to /home/projects/ros2_ws/src/aruco_marker/install/aruco_marker/lib/aruco_marker
[6.924s] Installing vesc_twist_node script to /home/projects/ros2_ws/src/aruco_marker/install/aruco_marker/lib/aruco_marker
[6.925s] writing list of installed files to '/home/projects/ros2_ws/src/aruco_marker/build/aruco_marker/install.log'
[7.045s] Invoked command in '/home/projects/ros2_ws/src/aruco_marker' returned '0': PYTHONPATH=/home/projects/ros2_ws/src/aruco_marker/install/aruco_marker/lib/python3.8/site-packages:${PYTHONPATH} /usr/bin/python3 setup.py egg_info --egg-base build/aruco_marker build --build-base /home/projects/ros2_ws/src/aruco_marker/build/aruco_marker/build install --prefix /home/projects/ros2_ws/src/aruco_marker/install/aruco_marker --record /home/projects/ros2_ws/src/aruco_marker/build/aruco_marker/install.log --single-version-externally-managed
