[4.879s] Invoking command in '/home/projects/ros2_ws/src/aruco_marker': PYTHONPATH=/home/projects/ros2_ws/src/aruco_marker/install/aruco_marker/lib/python3.8/site-packages:${PYTHONPATH} /usr/bin/python3 setup.py egg_info --egg-base build/aruco_marker build --build-base /home/projects/ros2_ws/src/aruco_marker/build/aruco_marker/build install --prefix /home/projects/ros2_ws/src/aruco_marker/install/aruco_marker --record /home/projects/ros2_ws/src/aruco_marker/build/aruco_marker/install.log --single-version-externally-managed
[6.566s] running egg_info
[6.569s] writing build/aruco_marker/aruco_marker.egg-info/PKG-INFO
[6.573s] writing dependency_links to build/aruco_marker/aruco_marker.egg-info/dependency_links.txt
[6.574s] writing entry points to build/aruco_marker/aruco_marker.egg-info/entry_points.txt
[6.574s] writing requirements to build/aruco_marker/aruco_marker.egg-info/requires.txt
[6.575s] writing top-level names to build/aruco_marker/aruco_marker.egg-info/top_level.txt
[6.816s] reading manifest file 'build/aruco_marker/aruco_marker.egg-info/SOURCES.txt'
[6.824s] writing manifest file 'build/aruco_marker/aruco_marker.egg-info/SOURCES.txt'
[6.824s] running build
[6.825s] running build_py
[6.826s] running install
[6.833s] running install_lib
[6.841s] running install_data
[6.844s] running install_egg_info
[6.855s] removing '/home/projects/ros2_ws/src/aruco_marker/install/aruco_marker/lib/python3.8/site-packages/aruco_marker-0.0.0-py3.8.egg-info' (and everything under it)
[6.857s] Copying build/aruco_marker/aruco_marker.egg-info to /home/projects/ros2_ws/src/aruco_marker/install/aruco_marker/lib/python3.8/site-packages/aruco_marker-0.0.0-py3.8.egg-info
[6.862s] running install_scripts
[6.968s] Installing oakd_aruco_node script to /home/projects/ros2_ws/src/aruco_marker/install/aruco_marker/lib/aruco_marker
[6.969s] Installing vesc_twist_node script to /home/projects/ros2_ws/src/aruco_marker/install/aruco_marker/lib/aruco_marker
[6.970s] writing list of installed files to '/home/projects/ros2_ws/src/aruco_marker/build/aruco_marker/install.log'
[7.091s] Invoked command in '/home/projects/ros2_ws/src/aruco_marker' returned '0': PYTHONPATH=/home/projects/ros2_ws/src/aruco_marker/install/aruco_marker/lib/python3.8/site-packages:${PYTHONPATH} /usr/bin/python3 setup.py egg_info --egg-base build/aruco_marker build --build-base /home/projects/ros2_ws/src/aruco_marker/build/aruco_marker/build install --prefix /home/projects/ros2_ws/src/aruco_marker/install/aruco_marker --record /home/projects/ros2_ws/src/aruco_marker/build/aruco_marker/install.log --single-version-externally-managed
