[5.111s] Invoking command in '/home/projects/ros2_ws/src/aruco_marker': PYTHONPATH=/home/projects/ros2_ws/src/aruco_marker/install/aruco_marker/lib/python3.8/site-packages:${PYTHONPATH} /usr/bin/python3 setup.py egg_info --egg-base build/aruco_marker build --build-base /home/projects/ros2_ws/src/aruco_marker/build/aruco_marker/build install --prefix /home/projects/ros2_ws/src/aruco_marker/install/aruco_marker --record /home/projects/ros2_ws/src/aruco_marker/build/aruco_marker/install.log --single-version-externally-managed
[6.797s] running egg_info
[6.801s] writing build/aruco_marker/aruco_marker.egg-info/PKG-INFO
[6.804s] writing dependency_links to build/aruco_marker/aruco_marker.egg-info/dependency_links.txt
[6.805s] writing entry points to build/aruco_marker/aruco_marker.egg-info/entry_points.txt
[6.806s] writing requirements to build/aruco_marker/aruco_marker.egg-info/requires.txt
[6.806s] writing top-level names to build/aruco_marker/aruco_marker.egg-info/top_level.txt
[7.078s] reading manifest file 'build/aruco_marker/aruco_marker.egg-info/SOURCES.txt'
[7.084s] writing manifest file 'build/aruco_marker/aruco_marker.egg-info/SOURCES.txt'
[7.085s] running build
[7.086s] running build_py
[7.088s] running install
[7.093s] running install_lib
[7.104s] running install_data
[7.109s] running install_egg_info
[7.119s] removing '/home/projects/ros2_ws/src/aruco_marker/install/aruco_marker/lib/python3.8/site-packages/aruco_marker-0.0.0-py3.8.egg-info' (and everything under it)
[7.121s] Copying build/aruco_marker/aruco_marker.egg-info to /home/projects/ros2_ws/src/aruco_marker/install/aruco_marker/lib/python3.8/site-packages/aruco_marker-0.0.0-py3.8.egg-info
[7.127s] running install_scripts
[7.232s] Installing oakd_aruco_node script to /home/projects/ros2_ws/src/aruco_marker/install/aruco_marker/lib/aruco_marker
[7.235s] Installing vesc_twist_node script to /home/projects/ros2_ws/src/aruco_marker/install/aruco_marker/lib/aruco_marker
[7.237s] writing list of installed files to '/home/projects/ros2_ws/src/aruco_marker/build/aruco_marker/install.log'
[7.358s] Invoked command in '/home/projects/ros2_ws/src/aruco_marker' returned '0': PYTHONPATH=/home/projects/ros2_ws/src/aruco_marker/install/aruco_marker/lib/python3.8/site-packages:${PYTHONPATH} /usr/bin/python3 setup.py egg_info --egg-base build/aruco_marker build --build-base /home/projects/ros2_ws/src/aruco_marker/build/aruco_marker/build install --prefix /home/projects/ros2_ws/src/aruco_marker/install/aruco_marker --record /home/projects/ros2_ws/src/aruco_marker/build/aruco_marker/install.log --single-version-externally-managed
