running egg_info
writing build/aruco_marker/aruco_marker.egg-info/PKG-INFO
writing dependency_links to build/aruco_marker/aruco_marker.egg-info/dependency_links.txt
writing entry points to build/aruco_marker/aruco_marker.egg-info/entry_points.txt
writing requirements to build/aruco_marker/aruco_marker.egg-info/requires.txt
writing top-level names to build/aruco_marker/aruco_marker.egg-info/top_level.txt
reading manifest file 'build/aruco_marker/aruco_marker.egg-info/SOURCES.txt'
writing manifest file 'build/aruco_marker/aruco_marker.egg-info/SOURCES.txt'
running build
running build_py
copying aruco_marker/gpt_vesc_twist_node.py -> /home/projects/ros2_ws/src/aruco_marker/build/aruco_marker/build/lib/aruco_marker
running install
running install_lib
copying /home/projects/ros2_ws/src/aruco_marker/build/aruco_marker/build/lib/aruco_marker/gpt_vesc_twist_node.py -> /home/projects/ros2_ws/src/aruco_marker/install/aruco_marker/lib/python3.8/site-packages/aruco_marker
byte-compiling /home/projects/ros2_ws/src/aruco_marker/install/aruco_marker/lib/python3.8/site-packages/aruco_marker/gpt_vesc_twist_node.py to gpt_vesc_twist_node.cpython-38.pyc
running install_data
running install_egg_info
removing '/home/projects/ros2_ws/src/aruco_marker/install/aruco_marker/lib/python3.8/site-packages/aruco_marker-0.0.0-py3.8.egg-info' (and everything under it)
Copying build/aruco_marker/aruco_marker.egg-info to /home/projects/ros2_ws/src/aruco_marker/install/aruco_marker/lib/python3.8/site-packages/aruco_marker-0.0.0-py3.8.egg-info
running install_scripts
Installing oakd_aruco_node script to /home/projects/ros2_ws/src/aruco_marker/install/aruco_marker/lib/aruco_marker
Installing vesc_twist_node script to /home/projects/ros2_ws/src/aruco_marker/install/aruco_marker/lib/aruco_marker
writing list of installed files to '/home/projects/ros2_ws/src/aruco_marker/build/aruco_marker/install.log'
