[4.960s] Invoking command in '/home/projects/ros2_ws/src/aruco_marker': PYTHONPATH=/home/projects/ros2_ws/src/aruco_marker/install/aruco_marker/lib/python3.8/site-packages:${PYTHONPATH} /usr/bin/python3 setup.py egg_info --egg-base build/aruco_marker build --build-base /home/projects/ros2_ws/src/aruco_marker/build/aruco_marker/build install --prefix /home/projects/ros2_ws/src/aruco_marker/install/aruco_marker --record /home/projects/ros2_ws/src/aruco_marker/build/aruco_marker/install.log --single-version-externally-managed
[6.674s] running egg_info
[6.678s] writing build/aruco_marker/aruco_marker.egg-info/PKG-INFO
[6.680s] writing dependency_links to build/aruco_marker/aruco_marker.egg-info/dependency_links.txt
[6.681s] writing entry points to build/aruco_marker/aruco_marker.egg-info/entry_points.txt
[6.682s] writing requirements to build/aruco_marker/aruco_marker.egg-info/requires.txt
[6.683s] writing top-level names to build/aruco_marker/aruco_marker.egg-info/top_level.txt
[6.931s] reading manifest file 'build/aruco_marker/aruco_marker.egg-info/SOURCES.txt'
[6.939s] writing manifest file 'build/aruco_marker/aruco_marker.egg-info/SOURCES.txt'
[6.940s] running build
[6.940s] running build_py
[6.941s] copying aruco_marker/vesc_twist_node.py -> /home/projects/ros2_ws/src/aruco_marker/build/aruco_marker/build/lib/aruco_marker
[6.942s] running install
[6.948s] running install_lib
[6.954s] copying /home/projects/ros2_ws/src/aruco_marker/build/aruco_marker/build/lib/aruco_marker/vesc_twist_node.py -> /home/projects/ros2_ws/src/aruco_marker/install/aruco_marker/lib/python3.8/site-packages/aruco_marker
[6.959s] byte-compiling /home/projects/ros2_ws/src/aruco_marker/install/aruco_marker/lib/python3.8/site-packages/aruco_marker/vesc_twist_node.py to vesc_twist_node.cpython-38.pyc
[6.970s] running install_data
[6.974s] creating /home/projects/ros2_ws/src/aruco_marker/install/aruco_marker/share/aruco_marker/launch
[6.974s] copying launch/duo_node_.launch.py -> /home/projects/ros2_ws/src/aruco_marker/install/aruco_marker/share/aruco_marker/launch
[6.975s] running install_egg_info
[6.986s] removing '/home/projects/ros2_ws/src/aruco_marker/install/aruco_marker/lib/python3.8/site-packages/aruco_marker-0.0.0-py3.8.egg-info' (and everything under it)
[6.988s] Copying build/aruco_marker/aruco_marker.egg-info to /home/projects/ros2_ws/src/aruco_marker/install/aruco_marker/lib/python3.8/site-packages/aruco_marker-0.0.0-py3.8.egg-info
[6.995s] running install_scripts
[7.098s] Installing oakd_aruco_node script to /home/projects/ros2_ws/src/aruco_marker/install/aruco_marker/lib/aruco_marker
[7.100s] Installing vesc_twist_node script to /home/projects/ros2_ws/src/aruco_marker/install/aruco_marker/lib/aruco_marker
[7.102s] writing list of installed files to '/home/projects/ros2_ws/src/aruco_marker/build/aruco_marker/install.log'
[7.224s] Invoked command in '/home/projects/ros2_ws/src/aruco_marker' returned '0': PYTHONPATH=/home/projects/ros2_ws/src/aruco_marker/install/aruco_marker/lib/python3.8/site-packages:${PYTHONPATH} /usr/bin/python3 setup.py egg_info --egg-base build/aruco_marker build --build-base /home/projects/ros2_ws/src/aruco_marker/build/aruco_marker/build install --prefix /home/projects/ros2_ws/src/aruco_marker/install/aruco_marker --record /home/projects/ros2_ws/src/aruco_marker/build/aruco_marker/install.log --single-version-externally-managed
