[4.917s] Invoking command in '/home/projects/ros2_ws/src/aruco_marker': PYTHONPATH=/home/projects/ros2_ws/src/aruco_marker/install/aruco_marker/lib/python3.8/site-packages:${PYTHONPATH} /usr/bin/python3 setup.py egg_info --egg-base build/aruco_marker build --build-base /home/projects/ros2_ws/src/aruco_marker/build/aruco_marker/build install --prefix /home/projects/ros2_ws/src/aruco_marker/install/aruco_marker --record /home/projects/ros2_ws/src/aruco_marker/build/aruco_marker/install.log --single-version-externally-managed
[6.634s] running egg_info
[6.638s] writing build/aruco_marker/aruco_marker.egg-info/PKG-INFO
[6.640s] writing dependency_links to build/aruco_marker/aruco_marker.egg-info/dependency_links.txt
[6.641s] writing entry points to build/aruco_marker/aruco_marker.egg-info/entry_points.txt
[6.643s] writing requirements to build/aruco_marker/aruco_marker.egg-info/requires.txt
[6.646s] writing top-level names to build/aruco_marker/aruco_marker.egg-info/top_level.txt
[6.889s] reading manifest file 'build/aruco_marker/aruco_marker.egg-info/SOURCES.txt'
[6.895s] writing manifest file 'build/aruco_marker/aruco_marker.egg-info/SOURCES.txt'
[6.896s] running build
[6.897s] running build_py
[6.899s] running install
[6.904s] running install_lib
[6.914s] running install_data
[6.918s] running install_egg_info
[6.928s] removing '/home/projects/ros2_ws/src/aruco_marker/install/aruco_marker/lib/python3.8/site-packages/aruco_marker-0.0.0-py3.8.egg-info' (and everything under it)
[6.930s] Copying build/aruco_marker/aruco_marker.egg-info to /home/projects/ros2_ws/src/aruco_marker/install/aruco_marker/lib/python3.8/site-packages/aruco_marker-0.0.0-py3.8.egg-info
[6.935s] running install_scripts
[7.048s] Installing oakd_aruco_node script to /home/projects/ros2_ws/src/aruco_marker/install/aruco_marker/lib/aruco_marker
[7.049s] Installing vesc_twist_node script to /home/projects/ros2_ws/src/aruco_marker/install/aruco_marker/lib/aruco_marker
[7.049s] writing list of installed files to '/home/projects/ros2_ws/src/aruco_marker/build/aruco_marker/install.log'
[7.168s] Invoked command in '/home/projects/ros2_ws/src/aruco_marker' returned '0': PYTHONPATH=/home/projects/ros2_ws/src/aruco_marker/install/aruco_marker/lib/python3.8/site-packages:${PYTHONPATH} /usr/bin/python3 setup.py egg_info --egg-base build/aruco_marker build --build-base /home/projects/ros2_ws/src/aruco_marker/build/aruco_marker/build install --prefix /home/projects/ros2_ws/src/aruco_marker/install/aruco_marker --record /home/projects/ros2_ws/src/aruco_marker/build/aruco_marker/install.log --single-version-externally-managed
