[5.396s] Invoking command in '/home/projects/ros2_ws/src/aruco_marker': PYTHONPATH=/home/projects/ros2_ws/src/aruco_marker/install/aruco_marker/lib/python3.8/site-packages:${PYTHONPATH} /usr/bin/python3 setup.py egg_info --egg-base build/aruco_marker build --build-base /home/projects/ros2_ws/src/aruco_marker/build/aruco_marker/build install --prefix /home/projects/ros2_ws/src/aruco_marker/install/aruco_marker --record /home/projects/ros2_ws/src/aruco_marker/build/aruco_marker/install.log --single-version-externally-managed
[7.088s] running egg_info
[7.092s] writing build/aruco_marker/aruco_marker.egg-info/PKG-INFO
[7.095s] writing dependency_links to build/aruco_marker/aruco_marker.egg-info/dependency_links.txt
[7.096s] writing entry points to build/aruco_marker/aruco_marker.egg-info/entry_points.txt
[7.097s] writing requirements to build/aruco_marker/aruco_marker.egg-info/requires.txt
[7.098s] writing top-level names to build/aruco_marker/aruco_marker.egg-info/top_level.txt
[7.351s] reading manifest file 'build/aruco_marker/aruco_marker.egg-info/SOURCES.txt'
[7.360s] writing manifest file 'build/aruco_marker/aruco_marker.egg-info/SOURCES.txt'
[7.361s] running build
[7.362s] running build_py
[7.417s] running install
[7.422s] running install_lib
[7.434s] running install_data
[7.460s] running install_egg_info
[7.471s] removing '/home/projects/ros2_ws/src/aruco_marker/install/aruco_marker/lib/python3.8/site-packages/aruco_marker-0.0.0-py3.8.egg-info' (and everything under it)
[7.473s] Copying build/aruco_marker/aruco_marker.egg-info to /home/projects/ros2_ws/src/aruco_marker/install/aruco_marker/lib/python3.8/site-packages/aruco_marker-0.0.0-py3.8.egg-info
[7.480s] running install_scripts
[7.585s] Installing oakd_aruco_node script to /home/projects/ros2_ws/src/aruco_marker/install/aruco_marker/lib/aruco_marker
[7.591s] Installing vesc_twist_node script to /home/projects/ros2_ws/src/aruco_marker/install/aruco_marker/lib/aruco_marker
[7.593s] writing list of installed files to '/home/projects/ros2_ws/src/aruco_marker/build/aruco_marker/install.log'
[7.718s] Invoked command in '/home/projects/ros2_ws/src/aruco_marker' returned '0': PYTHONPATH=/home/projects/ros2_ws/src/aruco_marker/install/aruco_marker/lib/python3.8/site-packages:${PYTHONPATH} /usr/bin/python3 setup.py egg_info --egg-base build/aruco_marker build --build-base /home/projects/ros2_ws/src/aruco_marker/build/aruco_marker/build install --prefix /home/projects/ros2_ws/src/aruco_marker/install/aruco_marker --record /home/projects/ros2_ws/src/aruco_marker/build/aruco_marker/install.log --single-version-externally-managed
