[5.078s] Invoking command in '/home/projects/ros2_ws/src/aruco_marker': PYTHONPATH=/home/projects/ros2_ws/src/aruco_marker/install/aruco_marker/lib/python3.8/site-packages:${PYTHONPATH} /usr/bin/python3 setup.py egg_info --egg-base build/aruco_marker build --build-base /home/projects/ros2_ws/src/aruco_marker/build/aruco_marker/build install --prefix /home/projects/ros2_ws/src/aruco_marker/install/aruco_marker --record /home/projects/ros2_ws/src/aruco_marker/build/aruco_marker/install.log --single-version-externally-managed
[6.752s] running egg_info
[6.753s] writing build/aruco_marker/aruco_marker.egg-info/PKG-INFO
[6.755s] writing dependency_links to build/aruco_marker/aruco_marker.egg-info/dependency_links.txt
[6.756s] writing entry points to build/aruco_marker/aruco_marker.egg-info/entry_points.txt
[6.757s] writing requirements to build/aruco_marker/aruco_marker.egg-info/requires.txt
[6.758s] writing top-level names to build/aruco_marker/aruco_marker.egg-info/top_level.txt
[7.009s] reading manifest file 'build/aruco_marker/aruco_marker.egg-info/SOURCES.txt'
[7.016s] writing manifest file 'build/aruco_marker/aruco_marker.egg-info/SOURCES.txt'
[7.017s] running build
[7.017s] running build_py
[7.019s] running install
[7.024s] running install_lib
[7.037s] running install_data
[7.042s] running install_egg_info
[7.052s] removing '/home/projects/ros2_ws/src/aruco_marker/install/aruco_marker/lib/python3.8/site-packages/aruco_marker-0.0.0-py3.8.egg-info' (and everything under it)
[7.054s] Copying build/aruco_marker/aruco_marker.egg-info to /home/projects/ros2_ws/src/aruco_marker/install/aruco_marker/lib/python3.8/site-packages/aruco_marker-0.0.0-py3.8.egg-info
[7.060s] running install_scripts
[7.164s] Installing oakd_aruco_node script to /home/projects/ros2_ws/src/aruco_marker/install/aruco_marker/lib/aruco_marker
[7.167s] Installing vesc_twist_node script to /home/projects/ros2_ws/src/aruco_marker/install/aruco_marker/lib/aruco_marker
[7.169s] writing list of installed files to '/home/projects/ros2_ws/src/aruco_marker/build/aruco_marker/install.log'
[7.289s] Invoked command in '/home/projects/ros2_ws/src/aruco_marker' returned '0': PYTHONPATH=/home/projects/ros2_ws/src/aruco_marker/install/aruco_marker/lib/python3.8/site-packages:${PYTHONPATH} /usr/bin/python3 setup.py egg_info --egg-base build/aruco_marker build --build-base /home/projects/ros2_ws/src/aruco_marker/build/aruco_marker/build install --prefix /home/projects/ros2_ws/src/aruco_marker/install/aruco_marker --record /home/projects/ros2_ws/src/aruco_marker/build/aruco_marker/install.log --single-version-externally-managed
