[4.846s] Invoking command in '/home/projects/ros2_ws/src/aruco_marker': PYTHONPATH=/home/projects/ros2_ws/src/aruco_marker/install/aruco_marker/lib/python3.8/site-packages:${PYTHONPATH} /usr/bin/python3 setup.py egg_info --egg-base build/aruco_marker build --build-base /home/projects/ros2_ws/src/aruco_marker/build/aruco_marker/build install --prefix /home/projects/ros2_ws/src/aruco_marker/install/aruco_marker --record /home/projects/ros2_ws/src/aruco_marker/build/aruco_marker/install.log --single-version-externally-managed
[6.540s] running egg_info
[6.544s] writing build/aruco_marker/aruco_marker.egg-info/PKG-INFO
[6.548s] writing dependency_links to build/aruco_marker/aruco_marker.egg-info/dependency_links.txt
[6.548s] writing entry points to build/aruco_marker/aruco_marker.egg-info/entry_points.txt
[6.549s] writing requirements to build/aruco_marker/aruco_marker.egg-info/requires.txt
[6.550s] writing top-level names to build/aruco_marker/aruco_marker.egg-info/top_level.txt
[6.792s] reading manifest file 'build/aruco_marker/aruco_marker.egg-info/SOURCES.txt'
[6.800s] writing manifest file 'build/aruco_marker/aruco_marker.egg-info/SOURCES.txt'
[6.800s] running build
[6.801s] running build_py
[6.802s] running install
[6.806s] running install_lib
[6.817s] running install_data
[6.820s] running install_egg_info
[6.830s] removing '/home/projects/ros2_ws/src/aruco_marker/install/aruco_marker/lib/python3.8/site-packages/aruco_marker-0.0.0-py3.8.egg-info' (and everything under it)
[6.832s] Copying build/aruco_marker/aruco_marker.egg-info to /home/projects/ros2_ws/src/aruco_marker/install/aruco_marker/lib/python3.8/site-packages/aruco_marker-0.0.0-py3.8.egg-info
[6.837s] running install_scripts
[6.945s] Installing oakd_aruco_node script to /home/projects/ros2_ws/src/aruco_marker/install/aruco_marker/lib/aruco_marker
[6.946s] Installing vesc_twist_node script to /home/projects/ros2_ws/src/aruco_marker/install/aruco_marker/lib/aruco_marker
[6.947s] writing list of installed files to '/home/projects/ros2_ws/src/aruco_marker/build/aruco_marker/install.log'
[7.069s] Invoked command in '/home/projects/ros2_ws/src/aruco_marker' returned '0': PYTHONPATH=/home/projects/ros2_ws/src/aruco_marker/install/aruco_marker/lib/python3.8/site-packages:${PYTHONPATH} /usr/bin/python3 setup.py egg_info --egg-base build/aruco_marker build --build-base /home/projects/ros2_ws/src/aruco_marker/build/aruco_marker/build install --prefix /home/projects/ros2_ws/src/aruco_marker/install/aruco_marker --record /home/projects/ros2_ws/src/aruco_marker/build/aruco_marker/install.log --single-version-externally-managed
