running egg_info
creating build/aruco_marker/aruco_marker.egg-info
writing build/aruco_marker/aruco_marker.egg-info/PKG-INFO
writing dependency_links to build/aruco_marker/aruco_marker.egg-info/dependency_links.txt
writing entry points to build/aruco_marker/aruco_marker.egg-info/entry_points.txt
writing requirements to build/aruco_marker/aruco_marker.egg-info/requires.txt
writing top-level names to build/aruco_marker/aruco_marker.egg-info/top_level.txt
writing manifest file 'build/aruco_marker/aruco_marker.egg-info/SOURCES.txt'
reading manifest file 'build/aruco_marker/aruco_marker.egg-info/SOURCES.txt'
writing manifest file 'build/aruco_marker/aruco_marker.egg-info/SOURCES.txt'
running build
running build_py
creating /home/projects/ros2_ws/src/aruco_marker/build/aruco_marker/build
creating /home/projects/ros2_ws/src/aruco_marker/build/aruco_marker/build/lib
creating /home/projects/ros2_ws/src/aruco_marker/build/aruco_marker/build/lib/aruco_marker
copying aruco_marker/__init__.py -> /home/projects/ros2_ws/src/aruco_marker/build/aruco_marker/build/lib/aruco_marker
copying aruco_marker/oakd_aruco_node.py -> /home/projects/ros2_ws/src/aruco_marker/build/aruco_marker/build/lib/aruco_marker
running install
running install_lib
creating /home/projects/ros2_ws/src/aruco_marker/install/aruco_marker/lib/python3.8/site-packages/aruco_marker
copying /home/projects/ros2_ws/src/aruco_marker/build/aruco_marker/build/lib/aruco_marker/__init__.py -> /home/projects/ros2_ws/src/aruco_marker/install/aruco_marker/lib/python3.8/site-packages/aruco_marker
copying /home/projects/ros2_ws/src/aruco_marker/build/aruco_marker/build/lib/aruco_marker/oakd_aruco_node.py -> /home/projects/ros2_ws/src/aruco_marker/install/aruco_marker/lib/python3.8/site-packages/aruco_marker
byte-compiling /home/projects/ros2_ws/src/aruco_marker/install/aruco_marker/lib/python3.8/site-packages/aruco_marker/__init__.py to __init__.cpython-38.pyc
byte-compiling /home/projects/ros2_ws/src/aruco_marker/install/aruco_marker/lib/python3.8/site-packages/aruco_marker/oakd_aruco_node.py to oakd_aruco_node.cpython-38.pyc
running install_data
creating /home/projects/ros2_ws/src/aruco_marker/install/aruco_marker/share/ament_index
creating /home/projects/ros2_ws/src/aruco_marker/install/aruco_marker/share/ament_index/resource_index
creating /home/projects/ros2_ws/src/aruco_marker/install/aruco_marker/share/ament_index/resource_index/packages
copying resource/aruco_marker -> /home/projects/ros2_ws/src/aruco_marker/install/aruco_marker/share/ament_index/resource_index/packages
copying package.xml -> /home/projects/ros2_ws/src/aruco_marker/install/aruco_marker/share/aruco_marker
running install_egg_info
Copying build/aruco_marker/aruco_marker.egg-info to /home/projects/ros2_ws/src/aruco_marker/install/aruco_marker/lib/python3.8/site-packages/aruco_marker-0.0.0-py3.8.egg-info
running install_scripts
Installing oakd_aruco_node script to /home/projects/ros2_ws/src/aruco_marker/install/aruco_marker/lib/aruco_marker
writing list of installed files to '/home/projects/ros2_ws/src/aruco_marker/build/aruco_marker/install.log'
