[4.797s] Invoking command in '/home/projects/ros2_ws/src/aruco_marker': PYTHONPATH=/home/projects/ros2_ws/src/aruco_marker/install/aruco_marker/lib/python3.8/site-packages:${PYTHONPATH} /usr/bin/python3 setup.py egg_info --egg-base build/aruco_marker build --build-base /home/projects/ros2_ws/src/aruco_marker/build/aruco_marker/build install --prefix /home/projects/ros2_ws/src/aruco_marker/install/aruco_marker --record /home/projects/ros2_ws/src/aruco_marker/build/aruco_marker/install.log --single-version-externally-managed
[6.474s] running egg_info
[6.477s] creating build/aruco_marker/aruco_marker.egg-info
[6.478s] writing build/aruco_marker/aruco_marker.egg-info/PKG-INFO
[6.479s] writing dependency_links to build/aruco_marker/aruco_marker.egg-info/dependency_links.txt
[6.480s] writing entry points to build/aruco_marker/aruco_marker.egg-info/entry_points.txt
[6.481s] writing requirements to build/aruco_marker/aruco_marker.egg-info/requires.txt
[6.482s] writing top-level names to build/aruco_marker/aruco_marker.egg-info/top_level.txt
[6.490s] writing manifest file 'build/aruco_marker/aruco_marker.egg-info/SOURCES.txt'
[6.726s] reading manifest file 'build/aruco_marker/aruco_marker.egg-info/SOURCES.txt'
[6.730s] writing manifest file 'build/aruco_marker/aruco_marker.egg-info/SOURCES.txt'
[6.732s] running build
[6.733s] running build_py
[6.734s] creating /home/projects/ros2_ws/src/aruco_marker/build/aruco_marker/build
[6.734s] creating /home/projects/ros2_ws/src/aruco_marker/build/aruco_marker/build/lib
[6.735s] creating /home/projects/ros2_ws/src/aruco_marker/build/aruco_marker/build/lib/aruco_marker
[6.736s] copying aruco_marker/__init__.py -> /home/projects/ros2_ws/src/aruco_marker/build/aruco_marker/build/lib/aruco_marker
[6.736s] copying aruco_marker/oakd_aruco_node.py -> /home/projects/ros2_ws/src/aruco_marker/build/aruco_marker/build/lib/aruco_marker
[6.737s] running install
[6.740s] running install_lib
[6.746s] creating /home/projects/ros2_ws/src/aruco_marker/install/aruco_marker/lib/python3.8/site-packages/aruco_marker
[6.747s] copying /home/projects/ros2_ws/src/aruco_marker/build/aruco_marker/build/lib/aruco_marker/__init__.py -> /home/projects/ros2_ws/src/aruco_marker/install/aruco_marker/lib/python3.8/site-packages/aruco_marker
[6.747s] copying /home/projects/ros2_ws/src/aruco_marker/build/aruco_marker/build/lib/aruco_marker/oakd_aruco_node.py -> /home/projects/ros2_ws/src/aruco_marker/install/aruco_marker/lib/python3.8/site-packages/aruco_marker
[6.751s] byte-compiling /home/projects/ros2_ws/src/aruco_marker/install/aruco_marker/lib/python3.8/site-packages/aruco_marker/__init__.py to __init__.cpython-38.pyc
[6.758s] byte-compiling /home/projects/ros2_ws/src/aruco_marker/install/aruco_marker/lib/python3.8/site-packages/aruco_marker/oakd_aruco_node.py to oakd_aruco_node.cpython-38.pyc
[6.763s] running install_data
[6.766s] creating /home/projects/ros2_ws/src/aruco_marker/install/aruco_marker/share/ament_index
[6.767s] creating /home/projects/ros2_ws/src/aruco_marker/install/aruco_marker/share/ament_index/resource_index
[6.768s] creating /home/projects/ros2_ws/src/aruco_marker/install/aruco_marker/share/ament_index/resource_index/packages
[6.768s] copying resource/aruco_marker -> /home/projects/ros2_ws/src/aruco_marker/install/aruco_marker/share/ament_index/resource_index/packages
[6.769s] copying package.xml -> /home/projects/ros2_ws/src/aruco_marker/install/aruco_marker/share/aruco_marker
[6.770s] running install_egg_info
[6.779s] Copying build/aruco_marker/aruco_marker.egg-info to /home/projects/ros2_ws/src/aruco_marker/install/aruco_marker/lib/python3.8/site-packages/aruco_marker-0.0.0-py3.8.egg-info
[6.784s] running install_scripts
[6.893s] Installing oakd_aruco_node script to /home/projects/ros2_ws/src/aruco_marker/install/aruco_marker/lib/aruco_marker
[6.894s] writing list of installed files to '/home/projects/ros2_ws/src/aruco_marker/build/aruco_marker/install.log'
[7.020s] Invoked command in '/home/projects/ros2_ws/src/aruco_marker' returned '0': PYTHONPATH=/home/projects/ros2_ws/src/aruco_marker/install/aruco_marker/lib/python3.8/site-packages:${PYTHONPATH} /usr/bin/python3 setup.py egg_info --egg-base build/aruco_marker build --build-base /home/projects/ros2_ws/src/aruco_marker/build/aruco_marker/build install --prefix /home/projects/ros2_ws/src/aruco_marker/install/aruco_marker --record /home/projects/ros2_ws/src/aruco_marker/build/aruco_marker/install.log --single-version-externally-managed
