[4.824s] Invoking command in '/home/projects/ros2_ws/src/aruco_marker': PYTHONPATH=/home/projects/ros2_ws/src/aruco_marker/install/aruco_marker/lib/python3.8/site-packages:${PYTHONPATH} /usr/bin/python3 setup.py egg_info --egg-base build/aruco_marker build --build-base /home/projects/ros2_ws/src/aruco_marker/build/aruco_marker/build install --prefix /home/projects/ros2_ws/src/aruco_marker/install/aruco_marker --record /home/projects/ros2_ws/src/aruco_marker/build/aruco_marker/install.log --single-version-externally-managed
[6.508s] running egg_info
[6.512s] writing build/aruco_marker/aruco_marker.egg-info/PKG-INFO
[6.515s] writing dependency_links to build/aruco_marker/aruco_marker.egg-info/dependency_links.txt
[6.516s] writing entry points to build/aruco_marker/aruco_marker.egg-info/entry_points.txt
[6.517s] writing requirements to build/aruco_marker/aruco_marker.egg-info/requires.txt
[6.517s] writing top-level names to build/aruco_marker/aruco_marker.egg-info/top_level.txt
[6.765s] reading manifest file 'build/aruco_marker/aruco_marker.egg-info/SOURCES.txt'
[6.772s] writing manifest file 'build/aruco_marker/aruco_marker.egg-info/SOURCES.txt'
[6.772s] running build
[6.773s] running build_py
[6.774s] running install
[6.778s] running install_lib
[6.789s] running install_data
[6.792s] running install_egg_info
[6.802s] removing '/home/projects/ros2_ws/src/aruco_marker/install/aruco_marker/lib/python3.8/site-packages/aruco_marker-0.0.0-py3.8.egg-info' (and everything under it)
[6.804s] Copying build/aruco_marker/aruco_marker.egg-info to /home/projects/ros2_ws/src/aruco_marker/install/aruco_marker/lib/python3.8/site-packages/aruco_marker-0.0.0-py3.8.egg-info
[6.812s] running install_scripts
[6.916s] Installing oakd_aruco_node script to /home/projects/ros2_ws/src/aruco_marker/install/aruco_marker/lib/aruco_marker
[6.917s] Installing vesc_twist_node script to /home/projects/ros2_ws/src/aruco_marker/install/aruco_marker/lib/aruco_marker
[6.918s] writing list of installed files to '/home/projects/ros2_ws/src/aruco_marker/build/aruco_marker/install.log'
[7.042s] Invoked command in '/home/projects/ros2_ws/src/aruco_marker' returned '0': PYTHONPATH=/home/projects/ros2_ws/src/aruco_marker/install/aruco_marker/lib/python3.8/site-packages:${PYTHONPATH} /usr/bin/python3 setup.py egg_info --egg-base build/aruco_marker build --build-base /home/projects/ros2_ws/src/aruco_marker/build/aruco_marker/build install --prefix /home/projects/ros2_ws/src/aruco_marker/install/aruco_marker --record /home/projects/ros2_ws/src/aruco_marker/build/aruco_marker/install.log --single-version-externally-managed
