[5.432s] Invoking command in '/home/projects/ros2_ws/src/aruco_marker': PYTHONPATH=/home/projects/ros2_ws/src/aruco_marker/install/aruco_marker/lib/python3.8/site-packages:${PYTHONPATH} /usr/bin/python3 setup.py egg_info --egg-base build/aruco_marker build --build-base /home/projects/ros2_ws/src/aruco_marker/build/aruco_marker/build install --prefix /home/projects/ros2_ws/src/aruco_marker/install/aruco_marker --record /home/projects/ros2_ws/src/aruco_marker/build/aruco_marker/install.log --single-version-externally-managed
[7.278s] running egg_info
[7.284s] writing build/aruco_marker/aruco_marker.egg-info/PKG-INFO
[7.288s] writing dependency_links to build/aruco_marker/aruco_marker.egg-info/dependency_links.txt
[7.291s] writing entry points to build/aruco_marker/aruco_marker.egg-info/entry_points.txt
[7.293s] writing requirements to build/aruco_marker/aruco_marker.egg-info/requires.txt
[7.294s] writing top-level names to build/aruco_marker/aruco_marker.egg-info/top_level.txt
[7.567s] reading manifest file 'build/aruco_marker/aruco_marker.egg-info/SOURCES.txt'
[7.578s] writing manifest file 'build/aruco_marker/aruco_marker.egg-info/SOURCES.txt'
[7.580s] running build
[7.581s] running build_py
[7.586s] running install
[7.592s] running install_lib
[7.605s] running install_data
[7.612s] running install_egg_info
[7.624s] removing '/home/projects/ros2_ws/src/aruco_marker/install/aruco_marker/lib/python3.8/site-packages/aruco_marker-0.0.0-py3.8.egg-info' (and everything under it)
[7.627s] Copying build/aruco_marker/aruco_marker.egg-info to /home/projects/ros2_ws/src/aruco_marker/install/aruco_marker/lib/python3.8/site-packages/aruco_marker-0.0.0-py3.8.egg-info
[7.635s] running install_scripts
[7.751s] Installing oakd_aruco_node script to /home/projects/ros2_ws/src/aruco_marker/install/aruco_marker/lib/aruco_marker
[7.755s] Installing vesc_twist_node script to /home/projects/ros2_ws/src/aruco_marker/install/aruco_marker/lib/aruco_marker
[7.759s] writing list of installed files to '/home/projects/ros2_ws/src/aruco_marker/build/aruco_marker/install.log'
[7.894s] Invoked command in '/home/projects/ros2_ws/src/aruco_marker' returned '0': PYTHONPATH=/home/projects/ros2_ws/src/aruco_marker/install/aruco_marker/lib/python3.8/site-packages:${PYTHONPATH} /usr/bin/python3 setup.py egg_info --egg-base build/aruco_marker build --build-base /home/projects/ros2_ws/src/aruco_marker/build/aruco_marker/build install --prefix /home/projects/ros2_ws/src/aruco_marker/install/aruco_marker --record /home/projects/ros2_ws/src/aruco_marker/build/aruco_marker/install.log --single-version-externally-managed
