[1.171s] DEBUG:colcon:Command line arguments: ['/usr/bin/colcon', 'build', '--packages-select', 'aruco_marker']
[1.172s] DEBUG:colcon:Parsed command line arguments: Namespace(allow_overriding=[], ament_cmake_args=None, base_paths=['.'], build_base='build', catkin_cmake_args=None, catkin_skip_building_tests=False, cmake_args=None, cmake_clean_cache=False, cmake_clean_first=False, cmake_force_configure=False, cmake_target=None, cmake_target_skip_unavailable=False, continue_on_error=False, event_handlers=None, executor='parallel', ignore_user_meta=False, install_base='install', log_base=None, log_level=None, main=<bound method BuildVerb.main of <colcon_core.verb.build.BuildVerb object at 0x7f965062b0>>, merge_install=False, metas=['./colcon.meta'], mixin=None, mixin_files=None, mixin_verb=('build',), packages_above=None, packages_above_and_dependencies=None, packages_above_depth=None, packages_end=None, packages_ignore=None, packages_ignore_regex=None, packages_select=['aruco_marker'], packages_select_build_failed=False, packages_select_by_dep=None, packages_select_regex=None, packages_select_test_failures=False, packages_skip=None, packages_skip_build_finished=False, packages_skip_by_dep=None, packages_skip_regex=None, packages_skip_test_passed=False, packages_skip_up_to=None, packages_start=None, packages_up_to=None, packages_up_to_regex=None, parallel_workers=2, paths=None, symlink_install=False, test_result_base=None, verb_extension=<colcon_core.verb.build.BuildVerb object at 0x7f965062b0>, verb_name='build', verb_parser=<colcon_mixin.mixin.mixin_argument.MixinArgumentDecorator object at 0x7f96506910>)
[1.206s] Level 1:colcon.colcon_core.package_discovery:discover_packages(colcon_meta) check parameters
[1.210s] INFO:colcon.colcon_metadata.package_discovery.colcon_meta:Using configuration from '/root/.colcon/metadata/default/Gazebo.meta'
[1.213s] INFO:colcon.colcon_metadata.package_discovery.colcon_meta:Using configuration from '/root/.colcon/metadata/default/fastrtps.meta'
[1.214s] Level 1:colcon.colcon_core.package_discovery:discover_packages(recursive) check parameters
[1.214s] Level 1:colcon.colcon_core.package_discovery:discover_packages(ignore) check parameters
[1.214s] Level 1:colcon.colcon_core.package_discovery:discover_packages(path) check parameters
[1.214s] Level 1:colcon.colcon_core.package_discovery:discover_packages(colcon_meta) discover
[1.215s] Level 1:colcon.colcon_core.package_discovery:discover_packages(recursive) discover
[1.215s] INFO:colcon.colcon_core.package_discovery:Crawling recursively for packages in '/home/projects/ros2_ws/src/aruco_marker/aruco_marker'
[1.216s] Level 1:colcon.colcon_core.package_identification:_identify(.) by extensions ['ignore', 'ignore_ament_install']
[1.216s] Level 1:colcon.colcon_core.package_identification:_identify(.) by extension 'ignore'
[1.217s] Level 1:colcon.colcon_core.package_identification:_identify(.) by extension 'ignore_ament_install'
[1.217s] Level 1:colcon.colcon_core.package_identification:_identify(.) by extensions ['colcon_pkg']
[1.217s] Level 1:colcon.colcon_core.package_identification:_identify(.) by extension 'colcon_pkg'
[1.218s] Level 1:colcon.colcon_core.package_identification:_identify(.) by extensions ['colcon_meta']
[1.218s] Level 1:colcon.colcon_core.package_identification:_identify(.) by extension 'colcon_meta'
[1.218s] Level 1:colcon.colcon_core.package_identification:_identify(.) by extensions ['ros']
[1.218s] Level 1:colcon.colcon_core.package_identification:_identify(.) by extension 'ros'
[1.292s] Level 1:colcon.colcon_core.package_identification:_identify(.) by extensions ['cmake', 'python']
[1.292s] Level 1:colcon.colcon_core.package_identification:_identify(.) by extension 'cmake'
[1.293s] Level 1:colcon.colcon_core.package_identification:_identify(.) by extension 'python'
[1.293s] Level 1:colcon.colcon_core.package_identification:_identify(.) by extensions ['python_setup_py']
[1.293s] Level 1:colcon.colcon_core.package_identification:_identify(.) by extension 'python_setup_py'
[1.294s] Level 1:colcon.colcon_core.package_identification:_identify(build) by extensions ['ignore', 'ignore_ament_install']
[1.295s] Level 1:colcon.colcon_core.package_identification:_identify(build) by extension 'ignore'
[1.295s] Level 1:colcon.colcon_core.package_identification:_identify(build) ignored
[1.296s] Level 1:colcon.colcon_core.package_identification:_identify(install) by extensions ['ignore', 'ignore_ament_install']
[1.296s] Level 1:colcon.colcon_core.package_identification:_identify(install) by extension 'ignore'
[1.297s] Level 1:colcon.colcon_core.package_identification:_identify(install) ignored
[1.297s] Level 1:colcon.colcon_core.package_identification:_identify(log) by extensions ['ignore', 'ignore_ament_install']
[1.298s] Level 1:colcon.colcon_core.package_identification:_identify(log) by extension 'ignore'
[1.298s] Level 1:colcon.colcon_core.package_identification:_identify(log) ignored
[1.299s] Level 1:colcon.colcon_core.package_identification:_identify(vesc_submodule) by extensions ['ignore', 'ignore_ament_install']
[1.299s] Level 1:colcon.colcon_core.package_identification:_identify(vesc_submodule) by extension 'ignore'
[1.300s] Level 1:colcon.colcon_core.package_identification:_identify(vesc_submodule) by extension 'ignore_ament_install'
[1.300s] Level 1:colcon.colcon_core.package_identification:_identify(vesc_submodule) by extensions ['colcon_pkg']
[1.300s] Level 1:colcon.colcon_core.package_identification:_identify(vesc_submodule) by extension 'colcon_pkg'
[1.300s] Level 1:colcon.colcon_core.package_identification:_identify(vesc_submodule) by extensions ['colcon_meta']
[1.301s] Level 1:colcon.colcon_core.package_identification:_identify(vesc_submodule) by extension 'colcon_meta'
[1.301s] Level 1:colcon.colcon_core.package_identification:_identify(vesc_submodule) by extensions ['ros']
[1.301s] Level 1:colcon.colcon_core.package_identification:_identify(vesc_submodule) by extension 'ros'
[1.302s] Level 1:colcon.colcon_core.package_identification:_identify(vesc_submodule) by extensions ['cmake', 'python']
[1.302s] Level 1:colcon.colcon_core.package_identification:_identify(vesc_submodule) by extension 'cmake'
[1.302s] Level 1:colcon.colcon_core.package_identification:_identify(vesc_submodule) by extension 'python'
[1.303s] Level 1:colcon.colcon_core.package_identification:_identify(vesc_submodule) by extensions ['python_setup_py']
[1.303s] Level 1:colcon.colcon_core.package_identification:_identify(vesc_submodule) by extension 'python_setup_py'
[1.303s] Level 1:colcon.colcon_core.package_discovery:discover_packages(recursive) using defaults
[1.304s] Level 1:colcon.colcon_core.package_discovery:discover_packages(ignore) discover
[1.304s] Level 1:colcon.colcon_core.package_discovery:discover_packages(ignore) using defaults
[1.304s] Level 1:colcon.colcon_core.package_discovery:discover_packages(path) discover
[1.304s] Level 1:colcon.colcon_core.package_discovery:discover_packages(path) using defaults
[1.308s] WARNING:colcon.colcon_core.package_selection:ignoring unknown package 'aruco_marker' in --packages-select
[1.481s] INFO:colcon.colcon_core.executor:Executing jobs using 'parallel' executor
[1.494s] DEBUG:colcon.colcon_parallel_executor.executor.parallel:run_until_complete
[1.494s] DEBUG:colcon.colcon_parallel_executor.executor.parallel:closing loop
[1.495s] DEBUG:colcon.colcon_parallel_executor.executor.parallel:loop closed
[1.495s] DEBUG:colcon.colcon_parallel_executor.executor.parallel:run_until_complete finished with '0'
[1.495s] DEBUG:colcon.colcon_core.event_reactor:joining thread
[1.532s] INFO:colcon.colcon_core.plugin_system:Skipping extension 'colcon_notification.desktop_notification.notify_send': Could not find 'notify-send'
[1.533s] INFO:colcon.colcon_core.plugin_system:Skipping extension 'colcon_notification.desktop_notification.terminal_notifier': Not used on non-Darwin systems
[1.533s] INFO:colcon.colcon_core.plugin_system:Skipping extension 'colcon_notification.desktop_notification.win32': Not used on non-Windows systems
[1.533s] INFO:colcon.colcon_notification.desktop_notification:Sending desktop notification using 'notify2'
[1.553s] DEBUG:colcon.colcon_notification.desktop_notification.notify2:Failed to initialize notify2: org.freedesktop.DBus.Error.Spawn.ExecFailed: /usr/bin/dbus-launch terminated abnormally with the following error: Autolaunch error: X11 initialization failed.

[1.554s] DEBUG:colcon.colcon_core.event_reactor:joined thread
[1.579s] INFO:colcon.colcon_core.plugin_system:Skipping extension 'colcon_core.shell.bat': Not used on non-Windows systems
[1.580s] INFO:colcon.colcon_core.shell:Creating prefix script '/home/projects/ros2_ws/src/aruco_marker/aruco_marker/install/local_setup.ps1'
[1.586s] INFO:colcon.colcon_core.shell:Creating prefix util module '/home/projects/ros2_ws/src/aruco_marker/aruco_marker/install/_local_setup_util_ps1.py'
[1.595s] INFO:colcon.colcon_core.shell:Creating prefix chain script '/home/projects/ros2_ws/src/aruco_marker/aruco_marker/install/setup.ps1'
[1.611s] INFO:colcon.colcon_core.shell:Creating prefix script '/home/projects/ros2_ws/src/aruco_marker/aruco_marker/install/local_setup.sh'
[1.614s] INFO:colcon.colcon_core.shell:Creating prefix util module '/home/projects/ros2_ws/src/aruco_marker/aruco_marker/install/_local_setup_util_sh.py'
[1.617s] INFO:colcon.colcon_core.shell:Creating prefix chain script '/home/projects/ros2_ws/src/aruco_marker/aruco_marker/install/setup.sh'
[1.632s] INFO:colcon.colcon_core.shell:Creating prefix script '/home/projects/ros2_ws/src/aruco_marker/aruco_marker/install/local_setup.bash'
[1.634s] INFO:colcon.colcon_core.shell:Creating prefix chain script '/home/projects/ros2_ws/src/aruco_marker/aruco_marker/install/setup.bash'
[1.650s] INFO:colcon.colcon_core.shell:Creating prefix script '/home/projects/ros2_ws/src/aruco_marker/aruco_marker/install/local_setup.zsh'
[1.652s] INFO:colcon.colcon_core.shell:Creating prefix chain script '/home/projects/ros2_ws/src/aruco_marker/aruco_marker/install/setup.zsh'
